# JRE version: Java(TM) SE Runtime Environment (21.0.1+12) (build 21.0.1+12-LTS-29)
# Java VM: Java HotSpot(TM) 64-Bit Server VM (21.0.1+12-LTS-29, mixed mode, sharing, tiered, compressed oops, compressed class ptrs, g1 gc, windows-amd64)
GC Precious Log:
 CardTable entry size: 512
 Card Set container configuration: InlinePtr #cards 4 size 8 Array Of Cards #cards 16 size 48 Howl #buckets 8 coarsen threshold 3686 Howl Bitmap #cards 512 size 80 coarsen threshold 460 Card regions per heap region 1 cards per card region 4096
 CPUs: 16 total, 16 available
 Memory: 15681M
 Large Page Support: Disabled
 NUMA Support: Disabled
 Compressed Oops: Enabled (Zero based)
 Heap Region Size: 2M
 Heap Min Capacity: 8M
 Heap Initial Capacity: 246M
 Heap Max Capacity: 3922M
 Pre-touch: Disabled
 Parallel Workers: 13
 Concurrent Workers: 3
 Concurrent Refinement Workers: 13
 Periodic GC: Disabled
Heap:
 garbage-first heap   total 192512K, used 84935K [0x000000070ae00000, 0x0000000800000000)
  region size 2048K, 5 young (10240K), 3 survivors (6144K)
 Metaspace       used 41364K, committed 42048K, reserved 1114112K
  class space    used 4566K, committed 4864K, reserved 1048576K
GC Heap History (20 events):
Event: 7.454 GC heap before
{Heap before GC invocations=8 (full 0):
 garbage-first heap   total 106496K, used 84484K [0x000000070ae00000, 0x0000000800000000)
  region size 2048K, 17 young (34816K), 3 survivors (6144K)
 Metaspace       used 29683K, committed 30080K, reserved 1114112K
  class space    used 3266K, committed 3456K, reserved 1048576K
}
Event: 7.464 GC heap after
{Heap after GC invocations=9 (full 0):
 garbage-first heap   total 106496K, used 58715K [0x000000070ae00000, 0x0000000800000000)
  region size 2048K, 2 young (4096K), 2 survivors (4096K)
 Metaspace       used 29683K, committed 30080K, reserved 1114112K
  class space    used 3266K, committed 3456K, reserved 1048576K
}
Event: 7.905 GC heap before
{Heap before GC invocations=10 (full 0):
 garbage-first heap   total 106496K, used 83291K [0x000000070ae00000, 0x0000000800000000)
  region size 2048K, 15 young (30720K), 2 survivors (4096K)
 Metaspace       used 30804K, committed 31232K, reserved 1114112K
  class space    used 3406K, committed 3584K, reserved 1048576K
}
Event: 7.911 GC heap after
{Heap after GC invocations=11 (full 0):
 garbage-first heap   total 129024K, used 59016K [0x000000070ae00000, 0x0000000800000000)
  region size 2048K, 2 young (4096K), 2 survivors (4096K)
 Metaspace       used 30804K, committed 31232K, reserved 1114112K
  class space    used 3406K, committed 3584K, reserved 1048576K
}
Event: 8.303 GC heap before
{Heap before GC invocations=11 (full 0):
 garbage-first heap   total 129024K, used 106120K [0x000000070ae00000, 0x0000000800000000)
  region size 2048K, 25 young (51200K), 2 survivors (4096K)
 Metaspace       used 31378K, committed 31808K, reserved 1114112K
  class space    used 3447K, committed 3648K, reserved 1048576K
}
Event: 8.310 GC heap after
{Heap after GC invocations=12 (full 0):
 garbage-first heap   total 129024K, used 61589K [0x000000070ae00000, 0x0000000800000000)
  region size 2048K, 3 young (6144K), 3 survivors (6144K)
 Metaspace       used 31378K, committed 31808K, reserved 1114112K
  class space    used 3447K, committed 3648K, reserved 1048576K
}
Event: 8.488 GC heap before
{Heap before GC invocations=12 (full 0):
 garbage-first heap   total 129024K, used 108693K [0x000000070ae00000, 0x0000000800000000)
  region size 2048K, 26 young (53248K), 3 survivors (6144K)
 Metaspace       used 31539K, committed 32064K, reserved 1114112K
  class space    used 3452K, committed 3648K, reserved 1048576K
}
Event: 8.497 GC heap after
{Heap after GC invocations=13 (full 0):
 garbage-first heap   total 129024K, used 62388K [0x000000070ae00000, 0x0000000800000000)
  region size 2048K, 3 young (6144K), 3 survivors (6144K)
 Metaspace       used 31539K, committed 32064K, reserved 1114112K
  class space    used 3452K, committed 3648K, reserved 1048576K
}
Event: 8.776 GC heap before
{Heap before GC invocations=13 (full 0):
 garbage-first heap   total 129024K, used 111540K [0x000000070ae00000, 0x0000000800000000)
  region size 2048K, 27 young (55296K), 3 survivors (6144K)
 Metaspace       used 31623K, committed 32128K, reserved 1114112K
  class space    used 3452K, committed 3648K, reserved 1048576K
}
Event: 8.783 GC heap after
{Heap after GC invocations=14 (full 0):
 garbage-first heap   total 129024K, used 62276K [0x000000070ae00000, 0x0000000800000000)
  region size 2048K, 2 young (4096K), 2 survivors (4096K)
 Metaspace       used 31623K, committed 32128K, reserved 1114112K
  class space    used 3452K, committed 3648K, reserved 1048576K
}
Event: 10.341 GC heap before
{Heap before GC invocations=15 (full 0):
 garbage-first heap   total 129024K, used 115524K [0x000000070ae00000, 0x0000000800000000)
  region size 2048K, 28 young (57344K), 2 survivors (4096K)
 Metaspace       used 33869K, committed 34368K, reserved 1114112K
  class space    used 3684K, committed 3904K, reserved 1048576K
}
Event: 10.350 GC heap after
{Heap after GC invocations=16 (full 0):
 garbage-first heap   total 155648K, used 65594K [0x000000070ae00000, 0x0000000800000000)
  region size 2048K, 4 young (8192K), 4 survivors (8192K)
 Metaspace       used 33869K, committed 34368K, reserved 1114112K
  class space    used 3684K, committed 3904K, reserved 1048576K
}
Event: 11.052 GC heap before
{Heap before GC invocations=16 (full 0):
 garbage-first heap   total 155648K, used 137274K [0x000000070ae00000, 0x0000000800000000)
  region size 2048K, 38 young (77824K), 4 survivors (8192K)
 Metaspace       used 33960K, committed 34432K, reserved 1114112K
  class space    used 3685K, committed 3904K, reserved 1048576K
}
Event: 11.074 GC heap after
{Heap after GC invocations=17 (full 0):
 garbage-first heap   total 178176K, used 96730K [0x000000070ae00000, 0x0000000800000000)
  region size 2048K, 5 young (10240K), 5 survivors (10240K)
 Metaspace       used 33960K, committed 34432K, reserved 1114112K
  class space    used 3685K, committed 3904K, reserved 1048576K
}
Event: 12.195 GC heap before
{Heap before GC invocations=17 (full 0):
 garbage-first heap   total 178176K, used 145882K [0x000000070ae00000, 0x0000000800000000)
  region size 2048K, 29 young (59392K), 5 survivors (10240K)
 Metaspace       used 35430K, committed 35968K, reserved 1114112K
  class space    used 3852K, committed 4096K, reserved 1048576K
}
Event: 12.202 GC heap after
{Heap after GC invocations=18 (full 0):
 garbage-first heap   total 178176K, used 94208K [0x000000070ae00000, 0x0000000800000000)
  region size 2048K, 2 young (4096K), 2 survivors (4096K)
 Metaspace       used 35430K, committed 35968K, reserved 1114112K
  class space    used 3852K, committed 4096K, reserved 1048576K
}
Event: 27.939 GC heap before
{Heap before GC invocations=19 (full 0):
 garbage-first heap   total 178176K, used 147456K [0x000000070ae00000, 0x0000000800000000)
  region size 2048K, 28 young (57344K), 2 survivors (4096K)
 Metaspace       used 39054K, committed 39680K, reserved 1114112K
  class space    used 4273K, committed 4544K, reserved 1048576K
}
Event: 27.945 GC heap after
{Heap after GC invocations=20 (full 0):
 garbage-first heap   total 178176K, used 95878K [0x000000070ae00000, 0x0000000800000000)
  region size 2048K, 3 young (6144K), 3 survivors (6144K)
 Metaspace       used 39054K, committed 39680K, reserved 1114112K
  class space    used 4273K, committed 4544K, reserved 1048576K
}
Event: 29.966 GC heap before
{Heap before GC invocations=20 (full 0):
 garbage-first heap   total 178176K, used 175750K [0x000000070ae00000, 0x0000000800000000)
  region size 2048K, 29 young (59392K), 3 survivors (6144K)
 Metaspace       used 41026K, committed 41664K, reserved 1114112K
  class space    used 4524K, committed 4800K, reserved 1048576K
}
Event: 29.980 GC heap after
{Heap after GC invocations=21 (full 0):
 garbage-first heap   total 192512K, used 82887K [0x000000070ae00000, 0x0000000800000000)
  region size 2048K, 3 young (6144K), 3 survivors (6144K)
 Metaspace       used 41026K, committed 41664K, reserved 1114112K
  class space    used 4524K, committed 4800K, reserved 1048576K
}

